2020-07-04 14:04:28:428 info: App launched on port 3000.
2020-07-04 14:04:33:433 info: GET all users from
2020-07-04 14:04:33:433 info: HTTP/1.1 304 Not Modified
X-Powered-By: Express
Access-Control-Allow-Origin: *
ETag: W/"3c-MuGUPddJPHSxKVfM7rxMoGYUrg8"
Date: Sat, 04 Jul 2020 14:04:33 GMT
Connection: keep-alive


2020-07-04 14:04:33:433 info: GET all users from
2020-07-04 14:04:33:433 info: HTTP/1.1 304 Not Modified
X-Powered-By: Express
Access-Control-Allow-Origin: *
ETag: W/"3c-MuGUPddJPHSxKVfM7rxMoGYUrg8"
Date: Sat, 04 Jul 2020 14:04:33 GMT
Connection: keep-alive


2020-07-04 14:04:33:433 info: GET all users from
2020-07-04 14:04:33:433 info: HTTP/1.1 304 Not Modified
X-Powered-By: Express
Access-Control-Allow-Origin: *
ETag: W/"3c-MuGUPddJPHSxKVfM7rxMoGYUrg8"
Date: Sat, 04 Jul 2020 14:04:33 GMT
Connection: keep-alive


2020-07-04 14:04:33:433 info: GET all users from
2020-07-04 14:04:33:433 info: HTTP/1.1 304 Not Modified
X-Powered-By: Express
Access-Control-Allow-Origin: *
ETag: W/"3c-MuGUPddJPHSxKVfM7rxMoGYUrg8"
Date: Sat, 04 Jul 2020 14:04:33 GMT
Connection: keep-alive


2020-07-04 14:04:33:433 info: GET all users from
2020-07-04 14:04:33:433 info: HTTP/1.1 304 Not Modified
X-Powered-By: Express
Access-Control-Allow-Origin: *
ETag: W/"3c-MuGUPddJPHSxKVfM7rxMoGYUrg8"
Date: Sat, 04 Jul 2020 14:04:33 GMT
Connection: keep-alive


2020-07-04 14:04:33:433 info: GET all users from
2020-07-04 14:04:33:433 info: HTTP/1.1 304 Not Modified
X-Powered-By: Express
Access-Control-Allow-Origin: *
ETag: W/"3c-MuGUPddJPHSxKVfM7rxMoGYUrg8"
Date: Sat, 04 Jul 2020 14:04:33 GMT
Connection: keep-alive


2020-07-04 14:04:46:446 info: GET all users from
2020-07-04 14:04:46:446 info: HTTP/1.1 304 Not Modified
X-Powered-By: Express
Access-Control-Allow-Origin: *
ETag: W/"3c-MuGUPddJPHSxKVfM7rxMoGYUrg8"
Date: Sat, 04 Jul 2020 14:04:46 GMT
Connection: keep-alive


2020-07-04 14:04:46:446 info: GET all users from
2020-07-04 14:04:46:446 info: HTTP/1.1 304 Not Modified
X-Powered-By: Express
Access-Control-Allow-Origin: *
ETag: W/"3c-MuGUPddJPHSxKVfM7rxMoGYUrg8"
Date: Sat, 04 Jul 2020 14:04:46 GMT
Connection: keep-alive


2020-07-04 14:04:47:447 info: GET all users from
2020-07-04 14:04:47:447 info: HTTP/1.1 304 Not Modified
X-Powered-By: Express
Access-Control-Allow-Origin: *
ETag: W/"3c-MuGUPddJPHSxKVfM7rxMoGYUrg8"
Date: Sat, 04 Jul 2020 14:04:47 GMT
Connection: keep-alive


2020-07-04 14:04:47:447 info: GET all users from
2020-07-04 14:04:47:447 info: HTTP/1.1 304 Not Modified
X-Powered-By: Express
Access-Control-Allow-Origin: *
ETag: W/"3c-MuGUPddJPHSxKVfM7rxMoGYUrg8"
Date: Sat, 04 Jul 2020 14:04:47 GMT
Connection: keep-alive


2020-07-04 14:04:47:447 info: GET all users from
2020-07-04 14:04:47:447 info: HTTP/1.1 304 Not Modified
X-Powered-By: Express
Access-Control-Allow-Origin: *
ETag: W/"3c-MuGUPddJPHSxKVfM7rxMoGYUrg8"
Date: Sat, 04 Jul 2020 14:04:47 GMT
Connection: keep-alive


2020-07-04 14:04:47:447 info: GET all users from
2020-07-04 14:04:47:447 info: HTTP/1.1 304 Not Modified
X-Powered-By: Express
Access-Control-Allow-Origin: *
ETag: W/"3c-MuGUPddJPHSxKVfM7rxMoGYUrg8"
Date: Sat, 04 Jul 2020 14:04:47 GMT
Connection: keep-alive


2020-07-04 14:04:47:447 info: GET all users from
2020-07-04 14:04:47:447 info: HTTP/1.1 304 Not Modified
X-Powered-By: Express
Access-Control-Allow-Origin: *
ETag: W/"3c-MuGUPddJPHSxKVfM7rxMoGYUrg8"
Date: Sat, 04 Jul 2020 14:04:47 GMT
Connection: keep-alive


2020-07-04 14:04:47:447 info: GET all users from
2020-07-04 14:04:47:447 info: HTTP/1.1 304 Not Modified
X-Powered-By: Express
Access-Control-Allow-Origin: *
ETag: W/"3c-MuGUPddJPHSxKVfM7rxMoGYUrg8"
Date: Sat, 04 Jul 2020 14:04:47 GMT
Connection: keep-alive


2020-07-04 14:05:15:515 info: GET all users from
2020-07-04 14:05:15:515 info: HTTP/1.1 304 Not Modified
X-Powered-By: Express
Access-Control-Allow-Origin: *
ETag: W/"3c-MuGUPddJPHSxKVfM7rxMoGYUrg8"
Date: Sat, 04 Jul 2020 14:05:15 GMT
Connection: keep-alive


2020-07-04 14:05:15:515 info: GET all users from
2020-07-04 14:05:15:515 info: HTTP/1.1 304 Not Modified
X-Powered-By: Express
Access-Control-Allow-Origin: *
ETag: W/"3c-MuGUPddJPHSxKVfM7rxMoGYUrg8"
Date: Sat, 04 Jul 2020 14:05:15 GMT
Connection: keep-alive


2020-07-04 14:05:16:516 info: GET all users from
2020-07-04 14:05:16:516 info: HTTP/1.1 304 Not Modified
X-Powered-By: Express
Access-Control-Allow-Origin: *
ETag: W/"3c-MuGUPddJPHSxKVfM7rxMoGYUrg8"
Date: Sat, 04 Jul 2020 14:05:16 GMT
Connection: keep-alive


2020-07-04 14:05:16:516 info: GET all users from
2020-07-04 14:05:16:516 info: HTTP/1.1 304 Not Modified
X-Powered-By: Express
Access-Control-Allow-Origin: *
ETag: W/"3c-MuGUPddJPHSxKVfM7rxMoGYUrg8"
Date: Sat, 04 Jul 2020 14:05:16 GMT
Connection: keep-alive


2020-07-04 14:05:16:516 info: GET all users from
2020-07-04 14:05:16:516 info: HTTP/1.1 304 Not Modified
X-Powered-By: Express
Access-Control-Allow-Origin: *
ETag: W/"3c-MuGUPddJPHSxKVfM7rxMoGYUrg8"
Date: Sat, 04 Jul 2020 14:05:16 GMT
Connection: keep-alive


2020-07-04 14:05:16:516 info: GET all users from
2020-07-04 14:05:16:516 info: HTTP/1.1 304 Not Modified
X-Powered-By: Express
Access-Control-Allow-Origin: *
ETag: W/"3c-MuGUPddJPHSxKVfM7rxMoGYUrg8"
Date: Sat, 04 Jul 2020 14:05:16 GMT
Connection: keep-alive


